<?xml version="1.0" encoding="UTF-8"?>
<!-- Generated by org.testng.reporters.JUnitReportReporter -->
<testsuite hostname="DESKTOP-7340DF3" failures="0" tests="1" name="makemytriptest.makeMyTripTest" time="17.887" errors="0" timestamp="2023-04-25T01:58:51 IST" skipped="0">
  <testcase classname="makemytriptest.makeMyTripTest" name="makeMyTripFlightSearch" time="17.887"/>
  <system-out/>
</testsuite> <!-- makemytriptest.makeMyTripTest -->
